This file contains any messages produced by compilers while
running configure, to aid debugging if configure makes a mistake.

"configure", line 986: Error: The function IceConnectionNumber must have a prototype.
1 Error(s) detected.
"configure", line 1029: Error: The function dnet_ntoa must have a prototype.
1 Error(s) detected.
"configure", line 1063: Error: The function dnet_ntoa must have a prototype.
1 Error(s) detected.
"configure", line 1102: Error: The function t_accept must have a prototype.
1 Error(s) detected.
"configure", line 1140: Error: The function socket must have a prototype.
1 Error(s) detected.
"configure", line 1219: Error: The function regcmp must have a prototype.
1 Error(s) detected.
"configure", line 1496: Error: The function opendir must have a prototype.
1 Error(s) detected.
"configure", line 1926: Error: Only one of a set of overloaded functions can be "C" or "Pascal".
1 Error(s) detected.
"configure", line 2286: Warning: The variable app has not yet been assigned a value.
1 Warning(s) detected.
